\BOOKMARK [1][-]{section.1}{Introduction}{}% 1
\BOOKMARK [1][-]{section.2}{Theory}{}% 2
\BOOKMARK [2][-]{subsection.2.1}{Orthogonal Derivation}{section.2}% 3
\BOOKMARK [2][-]{subsection.2.2}{Comparision}{section.2}% 4
\BOOKMARK [3][-]{subsubsection.2.2.1}{Band Number}{subsection.2.2}% 5
\BOOKMARK [3][-]{subsubsection.2.2.2}{Frequency Utilization}{subsection.2.2}% 6
\BOOKMARK [3][-]{subsubsection.2.2.3}{Temporal Utilization}{subsection.2.2}% 7
\BOOKMARK [3][-]{subsubsection.2.2.4}{Inter Symbol Interference}{subsection.2.2}% 8
\BOOKMARK [3][-]{subsubsection.2.2.5}{Multi Path Fading}{subsection.2.2}% 9
\BOOKMARK [1][-]{section.3}{Software Simulation}{}% 10
\BOOKMARK [2][-]{subsection.3.1}{OFDM pipeline}{section.3}% 11
\BOOKMARK [3][-]{subsubsection.3.1.1}{QPSK}{subsection.3.1}% 12
\BOOKMARK [3][-]{subsubsection.3.1.2}{OFDM}{subsection.3.1}% 13
\BOOKMARK [3][-]{subsubsection.3.1.3}{Cyclic Prefix}{subsection.3.1}% 14
\BOOKMARK [3][-]{subsubsection.3.1.4}{Add White Gaussian Noise}{subsection.3.1}% 15
\BOOKMARK [3][-]{subsubsection.3.1.5}{Multi Path Fading}{subsection.3.1}% 16
\BOOKMARK [3][-]{subsubsection.3.1.6}{Multi Path Fading reconstruction}{subsection.3.1}% 17
\BOOKMARK [3][-]{subsubsection.3.1.7}{Cyclic Prefix reconstruction}{subsection.3.1}% 18
\BOOKMARK [3][-]{subsubsection.3.1.8}{OFDM reconstruction}{subsection.3.1}% 19
\BOOKMARK [3][-]{subsubsection.3.1.9}{QPSK reconstruction}{subsection.3.1}% 20
\BOOKMARK [2][-]{subsection.3.2}{FDM pipeline}{section.3}% 21
\BOOKMARK [3][-]{subsubsection.3.2.1}{QPSK}{subsection.3.2}% 22
\BOOKMARK [3][-]{subsubsection.3.2.2}{FDM}{subsection.3.2}% 23
\BOOKMARK [3][-]{subsubsection.3.2.3}{FDM: Extract the Phase}{subsection.3.2}% 24
\BOOKMARK [3][-]{subsubsection.3.2.4}{FDM: Assign Subcarriers}{subsection.3.2}% 25
\BOOKMARK [3][-]{subsubsection.3.2.5}{Multi Path Fading}{subsection.3.2}% 26
\BOOKMARK [3][-]{subsubsection.3.2.6}{Multi Path Fading reconstruction}{subsection.3.2}% 27
\BOOKMARK [3][-]{subsubsection.3.2.7}{Cyclic Prefix reconstruction}{subsection.3.2}% 28
\BOOKMARK [3][-]{subsubsection.3.2.8}{FFT}{subsection.3.2}% 29
\BOOKMARK [3][-]{subsubsection.3.2.9}{Extract Phase}{subsection.3.2}% 30
\BOOKMARK [3][-]{subsubsection.3.2.10}{QPSK reconstruction}{subsection.3.2}% 31
\BOOKMARK [2][-]{subsection.3.3}{Result comparison}{section.3}% 32
\BOOKMARK [3][-]{subsubsection.3.3.1}{BER}{subsection.3.3}% 33
\BOOKMARK [1][-]{section.4}{Hardware Simulation}{}% 34
